[20:09:47.986][INFO][CraftTweaker-EarlyInit]: CraftTweaker is running on a Minecraft 1.20.1 production server modded with platform Forge
[20:09:47.995][INFO][CraftTweaker-EarlyInit]: Successfully injected RecipeFS file system
[20:09:48.033][INFO][CraftTweaker-Plugins]: Successfully identified and loaded plugin crafttweaker:builtin
[20:09:48.034][INFO][CraftTweaker-Plugins]: Successfully identified and loaded plugin crafttweaker:builtin_forge
[20:09:48.035][INFO][CraftTweaker-Plugins]: Successfully identified and loaded plugin farmersdelight:crafttweaker_plugin
[20:09:49.091][INFO][CraftTweaker]: The following mods have explicit CraftTweaker support through the default plugin:
[20:09:49.092][INFO][CraftTweaker]: - 'aquaculture' at version '2.5.7'
[20:09:49.092][INFO][CraftTweaker]: - 'crafttweaker' at version '14.0.60'
[20:09:49.092][INFO][CraftTweaker]: - 'farmersdelight' at version '1.20.1-1.3.2'
[20:10:03.991][INFO][CraftTweaker-ZenCode]: Started loading scripts for loader 'initialize'
[20:10:04.860][INFO][CraftTweaker-ZenCode]: Compiling and executing scripts
[20:10:04.902][INFO][CraftTweaker-ZenCode]: Successfully initialized modules [crafttweaker, expansions]
[20:10:04.994][INFO][CraftTweaker-ZenCode]: Execution for loader 'initialize' completed successfully
[20:10:19.024][INFO][CraftTweaker-ZenCode]: Started loading scripts for loader 'tags'
[20:10:19.056][INFO][CraftTweaker-ZenCode]: Compiling and executing scripts
[20:10:19.076][INFO][CraftTweaker-ZenCode]: Successfully initialized modules [crafttweaker, expansions]
[20:10:19.088][INFO][CraftTweaker-ZenCode]: Execution for loader 'tags' completed successfully
[20:10:21.821][INFO][CraftTweaker]: crafttweaker.reload.start
[20:10:21.826][INFO][CraftTweaker-ZenCode]: Started loading scripts for loader 'crafttweaker'
[20:10:21.852][INFO][CraftTweaker-ZenCode]: Compiling and executing scripts
[20:10:22.267][INFO][CraftTweaker-ZenCode]: Successfully initialized modules [mods, crafttweaker, expansions]
[20:10:22.278][INFO][CraftTweaker-ZenCode]: Execution for loader 'crafttweaker' completed successfully
[20:10:22.279][INFO][CraftTweaker]: crafttweaker.reload.complete
